<?xml version="1.0" encoding="UTF-8"?>
<!-- Generated by org.testng.reporters.JUnitReportReporter -->
<testsuite hostname="MH30031711" name="erail1.ticketavailability" tests="1" failures="0" timestamp="16 Jan 2018 12:17:23 GMT" time="13.992" errors="0">
  <testcase name="availability1" time="13.992" classname="erail1.ticketavailability"/>
</testsuite> <!-- erail1.ticketavailability -->
